<?xml version="1.0" encoding="UTF-8"?>
<!-- Generated by org.testng.reporters.JUnitXMLReporter -->
<testsuite hostname="DESKTOP-O19JB3S" ignored="0" name="Default test" tests="3" failures="0" timestamp="02 Jun 2021 07:49:27 GMT" time="49.181" errors="0">
  <testcase name="Homepagenav" time="13.759" classname="Academy.E2EProject.HomePage"/>
  <testcase name="Homepagenav" time="5.396" classname="Academy.E2EProject.HomePage"/>
  <testcase name="Homepagenav" time="4.698" classname="Academy.E2EProject.HomePage"/>
</testsuite> <!-- Default test -->
