<?xml version="1.0" encoding="UTF-8"?>
<!-- Generated by org.testng.reporters.JUnitXMLReporter -->
<testsuite hostname="DESKTOP-O19JB3S" ignored="0" name="Test" tests="3" failures="0" timestamp="25 May 2021 10:14:41 GMT" time="90.811" errors="0">
  <testcase name="Homepagenav" time="50.361" classname="Academy.E2EProject.HomePage"/>
  <testcase name="Homepagenav" time="19.306" classname="Academy.E2EProject.HomePage"/>
  <testcase name="Homepagenav" time="12.385" classname="Academy.E2EProject.HomePage"/>
</testsuite> <!-- Test -->
